<?xml version="1.0" encoding="UTF-8"?>
<!-- Generated by org.testng.reporters.JUnitReportReporter -->
<testsuite hostname="DESKTOP-7C4CMDG" failures="0" tests="1" name="com.OrangeHRMFlow.TestCases.TC_001_Login" time="9.391" errors="0" timestamp="03 Jan 2022 15:43:37 GMT" skipped="0">
  <testcase classname="com.OrangeHRMFlow.TestCases.TC_001_Login" name="LoginTest" time="9.391"/>
</testsuite> <!-- com.OrangeHRMFlow.TestCases.TC_001_Login -->
