<?xml version="1.0" encoding="UTF-8"?>
<!-- Generated by org.testng.reporters.JUnitReportReporter -->
<testsuite hostname="DESKTOP-7C4CMDG" failures="0" tests="5" name="com.OrangeHRMFlow.TestCases.TC_002_LoginTestData" time="20.201" errors="0" timestamp="03 Jan 2022 15:43:37 GMT" skipped="0">
  <testcase classname="com.OrangeHRMFlow.TestCases.TC_002_LoginTestData" name="LoginTest" time="1.684"/>
  <testcase classname="com.OrangeHRMFlow.TestCases.TC_002_LoginTestData" name="LoginTest" time="4.504"/>
  <testcase classname="com.OrangeHRMFlow.TestCases.TC_002_LoginTestData" name="LoginTest" time="10.330"/>
  <testcase classname="com.OrangeHRMFlow.TestCases.TC_002_LoginTestData" name="LoginTest" time="1.703"/>
  <testcase classname="com.OrangeHRMFlow.TestCases.TC_002_LoginTestData" name="LoginTest" time="1.980"/>
</testsuite> <!-- com.OrangeHRMFlow.TestCases.TC_002_LoginTestData -->
