<?xml version="1.0" encoding="UTF-8"?>
<!-- Generated by org.testng.reporters.JUnitReportReporter -->
<testsuite skipped="0" hostname="DESKTOP-7C4CMDG" name="com.OrangeHRMFlow.TestCases.TC_001_Myinfo" tests="1" failures="0" timestamp="03 Jan 2022 10:25:29 GMT" time="46.449" errors="0">
  <testcase name="MyinfoTest" time="46.449" classname="com.OrangeHRMFlow.TestCases.TC_001_Myinfo"/>
</testsuite> <!-- com.OrangeHRMFlow.TestCases.TC_001_Myinfo -->
