<?xml version="1.0" encoding="UTF-8"?>
<!-- Generated by org.testng.reporters.JUnitReportReporter -->
<testsuite skipped="0" hostname="DESKTOP-7C4CMDG" name="com.OrangeHRMFlow.TestCases.TC_002_LoginTestData" tests="5" failures="0" timestamp="03 Jan 2022 10:25:29 GMT" time="18.436" errors="0">
  <testcase name="LoginTest" time="1.655" classname="com.OrangeHRMFlow.TestCases.TC_002_LoginTestData"/>
  <testcase name="LoginTest" time="1.616" classname="com.OrangeHRMFlow.TestCases.TC_002_LoginTestData"/>
  <testcase name="LoginTest" time="2.024" classname="com.OrangeHRMFlow.TestCases.TC_002_LoginTestData"/>
  <testcase name="LoginTest" time="9.034" classname="com.OrangeHRMFlow.TestCases.TC_002_LoginTestData"/>
  <testcase name="LoginTest" time="4.107" classname="com.OrangeHRMFlow.TestCases.TC_002_LoginTestData"/>
</testsuite> <!-- com.OrangeHRMFlow.TestCases.TC_002_LoginTestData -->
